<?xml version="1.0" encoding="UTF-8"?>
<!-- Generated by org.testng.reporters.JUnitReportReporter -->
<testsuite hostname="DESKTOP-53NE7RO" failures="0" tests="1" name="com.test.Logintest" time="9.068" errors="0" timestamp="2023-09-20T11:53:37 IST" skipped="0">
  <testcase classname="com.test.Logintest" name="loginfunctionality" time="9.068"/>
  <system-out/>
</testsuite> <!-- com.test.Logintest -->
